<?xml version="1.0" encoding="UTF-8"?>
<!-- Generated by org.testng.reporters.JUnitXMLReporter -->
<testsuite ignored="0" hostname="DESKTOP-J7791LE" failures="0" tests="14" name="Default test" time="56.559" errors="0" timestamp="2025-06-23T14:14:56 IST">
  <testcase classname="TestNG_Framework.MakemyTrip_using_TestNG_Priority" name="popup" time="6.44"/>
  <testcase classname="TestNG_Framework.MakemyTrip_using_TestNG_Priority" name="fromlocation" time="3.179"/>
  <testcase classname="TestNG_Framework.MakemyTrip_using_TestNG_Priority" name="fromcountry" time="3.441"/>
  <testcase classname="TestNG_Framework.MakemyTrip_using_TestNG_Priority" name="tolocation" time="3.223"/>
  <testcase classname="TestNG_Framework.MakemyTrip_using_TestNG_Priority" name="Tocountry" time="3.199"/>
  <testcase classname="TestNG_Framework.MakemyTrip_using_TestNG_Priority" name="fromdate" time="3.208"/>
  <testcase classname="TestNG_Framework.MakemyTrip_using_TestNG_Priority" name="todate" time="3.254"/>
  <testcase classname="TestNG_Framework.MakemyTrip_using_TestNG_Priority" name="ChoosingTo_DateClick" time="3.192"/>
  <testcase classname="TestNG_Framework.MakemyTrip_using_TestNG_Priority" name="TC" time="3.218"/>
  <testcase classname="TestNG_Framework.MakemyTrip_using_TestNG_Priority" name="adults" time="3.2"/>
  <testcase classname="TestNG_Framework.MakemyTrip_using_TestNG_Priority" name="children" time="3.186"/>
  <testcase classname="TestNG_Framework.MakemyTrip_using_TestNG_Priority" name="Infants" time="3.162"/>
  <testcase classname="TestNG_Framework.MakemyTrip_using_TestNG_Priority" name="Travelclass" time="3.183"/>
  <testcase classname="TestNG_Framework.MakemyTrip_using_TestNG_Priority" name="Apply" time="0.144"/>
</testsuite> <!-- Default test -->
