<?xml version="1.0" encoding="UTF-8"?>
<!-- Generated by org.testng.reporters.JUnitXMLReporter -->
<testsuite ignored="0" hostname="DESKTOP-J7791LE" failures="0" tests="6" name="Test3" time="38.696" errors="0" timestamp="2025-06-19T22:23:20 IST">
  <testcase classname="TestNG_Framework.MakemyTrip_Select_Special_Fares_Using_TestNG" name="popup" time="5.195"/>
  <testcase classname="TestNG_Framework.MakemyTrip_Select_Special_Fares_Using_TestNG" name="Student_Special_Fare" time="2.374"/>
  <testcase classname="TestNG_Framework.MakemyTrip_Select_Special_Fares_Using_TestNG" name="Seniorcitizen" time="2.182"/>
  <testcase classname="TestNG_Framework.MakemyTrip_Select_Special_Fares_Using_TestNG" name="ArmedForces" time="2.114"/>
  <testcase classname="TestNG_Framework.MakemyTrip_Select_Special_Fares_Using_TestNG" name="DoctorandNurses" time="0.13"/>
  <testcase classname="TestNG_Framework.MakemyTripHomepage_using_TestNGFramework" name="closepopup" time="8.47"/>
</testsuite> <!-- Test3 -->
