<?xml version="1.0" encoding="UTF-8"?>
<!-- Generated by org.testng.reporters.JUnitXMLReporter -->
<testsuite ignored="0" hostname="DESKTOP-J7791LE" failures="0" tests="36" name="Test" time="148.917" errors="0" timestamp="2025-06-20T19:37:10 IST">
  <testcase classname="TestNG_Framework.MakemyTrip_Login_Using_TestNGParameterization" name="popup" time="8.439"/>
  <testcase classname="TestNG_Framework.MakemyTripHomepage_using_TestNGFramework" name="closepopup" time="7.952"/>
  <testcase classname="TestNG_Framework.MakemyTrip_using_TestNG_Priority" name="popup" time="5.391"/>
  <testcase classname="TestNG_Framework.MakemyTrip_using_TestNG_Priority" name="fromlocation" time="3.159"/>
  <testcase classname="TestNG_Framework.MakemyTrip_using_TestNG_Priority" name="fromcountry" time="3.224"/>
  <testcase classname="TestNG_Framework.MakemyTrip_using_TestNG_Priority" name="tolocation" time="3.157"/>
  <testcase classname="TestNG_Framework.MakemyTrip_using_TestNG_Priority" name="Tocountry" time="3.253"/>
  <testcase classname="TestNG_Framework.MakemyTrip_using_TestNG_Priority" name="fromdate" time="3.199"/>
  <testcase classname="TestNG_Framework.MakemyTrip_using_TestNG_Priority" name="todate" time="3.211"/>
  <testcase classname="TestNG_Framework.MakemyTrip_using_TestNG_Priority" name="ChoosingTo_DateClick" time="3.244"/>
  <testcase classname="TestNG_Framework.MakemyTrip_using_TestNG_Priority" name="TC" time="3.126"/>
  <testcase classname="TestNG_Framework.MakemyTrip_using_TestNG_Priority" name="adults" time="3.149"/>
  <testcase classname="TestNG_Framework.MakemyTrip_using_TestNG_Priority" name="children" time="3.119"/>
  <testcase classname="TestNG_Framework.MakemyTrip_using_TestNG_Priority" name="Infants" time="3.261"/>
  <testcase classname="TestNG_Framework.MakemyTrip_using_TestNG_Priority" name="Travelclass" time="3.234"/>
  <testcase classname="TestNG_Framework.MakemyTrip_using_TestNG_Priority" name="Apply" time="0.16"/>
  <testcase classname="TestNG_Framework.MakemyTrip_Select_Special_Fares_Using_TestNG" name="popup" time="3.706"/>
  <testcase classname="TestNG_Framework.MakemyTrip_Select_Special_Fares_Using_TestNG" name="Student_Special_Fare" time="2.336"/>
  <testcase classname="TestNG_Framework.MakemyTrip_Select_Special_Fares_Using_TestNG" name="Seniorcitizen" time="2.113"/>
  <testcase classname="TestNG_Framework.MakemyTrip_Select_Special_Fares_Using_TestNG" name="ArmedForces" time="2.198"/>
  <testcase classname="TestNG_Framework.MakemyTrip_Select_Special_Fares_Using_TestNG" name="DoctorandNurses" time="0.144"/>
  <testcase classname="TestNG_Framework.MakemyTrip_MulticityMakemyTrip_Using_TestNG_DependsonMethods" name="popup" time="5.093"/>
  <testcase classname="TestNG_Framework.MakemyTrip_MulticityMakemyTrip_Using_TestNG_DependsonMethods" name="Multi_City" time="3.232"/>
  <testcase classname="TestNG_Framework.MakemyTrip_MulticityMakemyTrip_Using_TestNG_DependsonMethods" name="Fromlocation" time="3.147"/>
  <testcase classname="TestNG_Framework.MakemyTrip_MulticityMakemyTrip_Using_TestNG_DependsonMethods" name="Fromcountry" time="3.193"/>
  <testcase classname="TestNG_Framework.MakemyTrip_MulticityMakemyTrip_Using_TestNG_DependsonMethods" name="ToCountry" time="0.22"/>
  <testcase classname="TestNG_Framework.MakemyTrip_MulticityMakemyTrip_Using_TestNG_DependsonMethods" name="FromDate" time="3.271"/>
  <testcase classname="TestNG_Framework.MakemyTrip_MulticityMakemyTrip_Using_TestNG_DependsonMethods" name="TC" time="3.189"/>
  <testcase classname="TestNG_Framework.MakemyTrip_MulticityMakemyTrip_Using_TestNG_DependsonMethods" name="adults" time="3.172"/>
  <testcase classname="TestNG_Framework.MakemyTrip_MulticityMakemyTrip_Using_TestNG_DependsonMethods" name="children" time="3.175"/>
  <testcase classname="TestNG_Framework.MakemyTrip_MulticityMakemyTrip_Using_TestNG_DependsonMethods" name="Infants" time="3.182"/>
  <testcase classname="TestNG_Framework.MakemyTrip_MulticityMakemyTrip_Using_TestNG_DependsonMethods" name="Travelclass" time="3.175"/>
  <testcase classname="TestNG_Framework.MakemyTrip_MulticityMakemyTrip_Using_TestNG_DependsonMethods" name="Apply" time="0.164"/>
  <testcase classname="TestNG_Framework.MakemyTrip_MulticityMakemyTrip_Using_TestNG_DependsonMethods" name="ToCity" time="3.176"/>
  <testcase classname="TestNG_Framework.MakemyTrip_MulticityMakemyTrip_Using_TestNG_DependsonMethods" name="choosingcity" time="2.264"/>
  <testcase classname="TestNG_Framework.MakemyTrip_MulticityMakemyTrip_Using_TestNG_DependsonMethods" name="ToDate" time="0.149"/>
</testsuite> <!-- Test -->
