<?xml version="1.0" encoding="UTF-8"?>
<!-- Generated by org.testng.reporters.JUnitXMLReporter -->
<testsuite ignored="1" hostname="DESKTOP-J7791LE" failures="0" tests="2" name="TestNG Grouping" time="12.709" errors="0" timestamp="2025-06-20T19:37:23 IST">
  <testcase classname="TestNG_Framework.MakemyTripHomepage_using_Grouping_with_TestNGFramework" name="closepopup" time="5.085"/>
  <testcase classname="TestNG_Framework.MakemyTripHomepage_using_Grouping_with_TestNGFramework" name="scrolldown" time="0.013"/>
  <testcase classname="TestNG_Framework.MakemyTripHomepage_using_Grouping_with_TestNGFramework" name="scrollup" time="0.0">
    <ignored/>
  </testcase> <!-- scrollup -->
</testsuite> <!-- TestNG Grouping -->
