<?xml version="1.0" encoding="UTF-8"?>
<!-- Generated by org.testng.reporters.JUnitXMLReporter -->
<testsuite ignored="0" hostname="DESKTOP-J7791LE" failures="0" tests="58" name="Test" time="210.261" errors="0" timestamp="2025-06-23T14:20:29 IST">
  <testcase classname="TestNG_Framework.MakemyTrip_Login_Using_TestNGParameterization" name="popup" time="8.066"/>
  <testcase classname="TestNG_Framework.MakemyTripHomepage_using_TestNGFramework" name="closepopup" time="8.556"/>
  <testcase classname="TestNG_Framework.MakemyTrip_using_TestNG_Priority" name="popup" time="5.802"/>
  <testcase classname="TestNG_Framework.MakemyTrip_using_TestNG_Priority" name="fromlocation" time="3.155"/>
  <testcase classname="TestNG_Framework.MakemyTrip_using_TestNG_Priority" name="fromcountry" time="3.162"/>
  <testcase classname="TestNG_Framework.MakemyTrip_using_TestNG_Priority" name="tolocation" time="3.149"/>
  <testcase classname="TestNG_Framework.MakemyTrip_using_TestNG_Priority" name="Tocountry" time="3.148"/>
  <testcase classname="TestNG_Framework.MakemyTrip_using_TestNG_Priority" name="fromdate" time="3.227"/>
  <testcase classname="TestNG_Framework.MakemyTrip_using_TestNG_Priority" name="todate" time="3.302"/>
  <testcase classname="TestNG_Framework.MakemyTrip_using_TestNG_Priority" name="ChoosingTo_DateClick" time="3.178"/>
  <testcase classname="TestNG_Framework.MakemyTrip_using_TestNG_Priority" name="TC" time="3.147"/>
  <testcase classname="TestNG_Framework.MakemyTrip_using_TestNG_Priority" name="adults" time="3.178"/>
  <testcase classname="TestNG_Framework.MakemyTrip_using_TestNG_Priority" name="children" time="3.157"/>
  <testcase classname="TestNG_Framework.MakemyTrip_using_TestNG_Priority" name="Infants" time="3.259"/>
  <testcase classname="TestNG_Framework.MakemyTrip_using_TestNG_Priority" name="Travelclass" time="3.163"/>
  <testcase classname="TestNG_Framework.MakemyTrip_using_TestNG_Priority" name="Apply" time="0.174"/>
  <testcase classname="TestNG_Framework.MakemyTrip_Select_Special_Fares_Using_TestNG" name="popup" time="3.351"/>
  <testcase classname="TestNG_Framework.MakemyTrip_Select_Special_Fares_Using_TestNG" name="Student_Special_Fare" time="2.337"/>
  <testcase classname="TestNG_Framework.MakemyTrip_Select_Special_Fares_Using_TestNG" name="Seniorcitizen" time="2.183"/>
  <testcase classname="TestNG_Framework.MakemyTrip_Select_Special_Fares_Using_TestNG" name="ArmedForces" time="2.171"/>
  <testcase classname="TestNG_Framework.MakemyTrip_Select_Special_Fares_Using_TestNG" name="DoctorandNurses" time="0.143"/>
  <testcase classname="TestNG_Framework.MakemyTrip_MulticityMakemyTrip_Using_TestNG_DependsonMethods" name="popup" time="5.106"/>
  <testcase classname="TestNG_Framework.MakemyTrip_MulticityMakemyTrip_Using_TestNG_DependsonMethods" name="Multi_City" time="3.298"/>
  <testcase classname="TestNG_Framework.MakemyTrip_MulticityMakemyTrip_Using_TestNG_DependsonMethods" name="Fromlocation" time="3.152"/>
  <testcase classname="TestNG_Framework.MakemyTrip_MulticityMakemyTrip_Using_TestNG_DependsonMethods" name="Fromcountry" time="3.15"/>
  <testcase classname="TestNG_Framework.MakemyTrip_MulticityMakemyTrip_Using_TestNG_DependsonMethods" name="ToCountry" time="0.227"/>
  <testcase classname="TestNG_Framework.MakemyTrip_MulticityMakemyTrip_Using_TestNG_DependsonMethods" name="FromDate" time="3.316"/>
  <testcase classname="TestNG_Framework.MakemyTrip_MulticityMakemyTrip_Using_TestNG_DependsonMethods" name="TC" time="3.237"/>
  <testcase classname="TestNG_Framework.MakemyTrip_MulticityMakemyTrip_Using_TestNG_DependsonMethods" name="adults" time="3.147"/>
  <testcase classname="TestNG_Framework.MakemyTrip_MulticityMakemyTrip_Using_TestNG_DependsonMethods" name="children" time="3.159"/>
  <testcase classname="TestNG_Framework.MakemyTrip_MulticityMakemyTrip_Using_TestNG_DependsonMethods" name="Infants" time="3.18"/>
  <testcase classname="TestNG_Framework.MakemyTrip_MulticityMakemyTrip_Using_TestNG_DependsonMethods" name="Travelclass" time="3.186"/>
  <testcase classname="TestNG_Framework.MakemyTrip_MulticityMakemyTrip_Using_TestNG_DependsonMethods" name="Apply" time="0.197"/>
  <testcase classname="TestNG_Framework.MakemyTrip_MulticityMakemyTrip_Using_TestNG_DependsonMethods" name="ToCity" time="3.173"/>
  <testcase classname="TestNG_Framework.MakemyTrip_MulticityMakemyTrip_Using_TestNG_DependsonMethods" name="choosingcity" time="2.23"/>
  <testcase classname="TestNG_Framework.MakemyTrip_MulticityMakemyTrip_Using_TestNG_DependsonMethods" name="ToDate" time="0.194"/>
  <testcase classname="TestNG_Framework.MakemyTrip_OpenNewTab_by_Choosingcountry_Dropdown_Using_TestNGFramework" name="closepopup" time="3.743"/>
  <testcase classname="TestNG_Framework.MakemyTrip_OpenNewTab_by_Choosingcountry_Dropdown_Using_TestNGFramework" name="countrymenu" time="2.519"/>
  <testcase classname="TestNG_Framework.MakemyTrip_OpenNewTab_by_Choosingcountry_Dropdown_Using_TestNGFramework" name="country" time="2.124"/>
  <testcase classname="TestNG_Framework.MakemyTrip_OpenNewTab_by_Choosingcountry_Dropdown_Using_TestNGFramework" name="choosingcountry" time="2.124"/>
  <testcase classname="TestNG_Framework.MakemyTrip_OpenNewTab_by_Choosingcountry_Dropdown_Using_TestNGFramework" name="Currency" time="2.21"/>
  <testcase classname="TestNG_Framework.MakemyTrip_OpenNewTab_by_Choosingcountry_Dropdown_Using_TestNGFramework" name="ChoosingCurrency" time="2.14"/>
  <testcase classname="TestNG_Framework.MakemyTrip_OpenNewTab_by_Choosingcountry_Dropdown_Using_TestNGFramework" name="Language" time="2.169"/>
  <testcase classname="TestNG_Framework.MakemyTrip_OpenNewTab_by_Choosingcountry_Dropdown_Using_TestNGFramework" name="ChoosingLanguage" time="2.137"/>
  <testcase classname="TestNG_Framework.MakemyTrip_OpenNewTab_by_Choosingcountry_Dropdown_Using_TestNGFramework" name="Apply" time="2.331"/>
  <testcase classname="TestNG_Framework.MakemyTrip_OpenNewTab_by_Choosingcountry_Dropdown_Using_TestNGFramework" name="Set" time="0.032"/>
  <testcase classname="TestNG_Framework.MakemyTrip_OpenNewTab_by_Choosingcountry_Dropdown_Using_TestNGFramework" name="NewtabArabic" time="9.336"/>
  <testcase classname="TestNG_Framework.MakemyTrip_OpenNewTab_by_Choosingcountry_Dropdown_Using_TestNGFramework" name="originalwindow" time="2.083"/>
  <testcase classname="TestNG_Framework.MakemyTrip_OpenNewTab_by_Choosingcountry_Dropdown_Using_TestNGFramework" name="countrymenu1" time="2.188"/>
  <testcase classname="TestNG_Framework.MakemyTrip_OpenNewTab_by_Choosingcountry_Dropdown_Using_TestNGFramework" name="Country1" time="2.175"/>
  <testcase classname="TestNG_Framework.MakemyTrip_OpenNewTab_by_Choosingcountry_Dropdown_Using_TestNGFramework" name="ChoosingCountry1" time="2.16"/>
  <testcase classname="TestNG_Framework.MakemyTrip_OpenNewTab_by_Choosingcountry_Dropdown_Using_TestNGFramework" name="Currency1" time="2.144"/>
  <testcase classname="TestNG_Framework.MakemyTrip_OpenNewTab_by_Choosingcountry_Dropdown_Using_TestNGFramework" name="ChoosingCurrency1" time="2.145"/>
  <testcase classname="TestNG_Framework.MakemyTrip_OpenNewTab_by_Choosingcountry_Dropdown_Using_TestNGFramework" name="Language1" time="2.121"/>
  <testcase classname="TestNG_Framework.MakemyTrip_OpenNewTab_by_Choosingcountry_Dropdown_Using_TestNGFramework" name="ChoosingLanguage1" time="2.169"/>
  <testcase classname="TestNG_Framework.MakemyTrip_OpenNewTab_by_Choosingcountry_Dropdown_Using_TestNGFramework" name="Apply1" time="2.246"/>
  <testcase classname="TestNG_Framework.MakemyTrip_OpenNewTab_by_Choosingcountry_Dropdown_Using_TestNGFramework" name="NewtabEnglish" time="0.829"/>
  <testcase classname="TestNG_Framework.MakemyTrip_OpenNewTab_by_Choosingcountry_Dropdown_Using_TestNGFramework" name="Windowenglishpopup" time="0.278"/>
</testsuite> <!-- Test -->
