<?xml version="1.0" encoding="UTF-8"?>
<testng-results ignored="1" total="39" passed="38" failed="0" skipped="0">
  <reporter-output>
  </reporter-output>
  <suite started-at="2025-06-20T19:34:41 IST" name="Suite" finished-at="2025-06-20T19:37:23 IST" duration-ms="161698">
    <groups>
      <group name="Popup">
        <method signature="MakemyTripHomepage_using_Grouping_with_TestNGFramework.closepopup()[pri:0, instance:TestNG_Framework.MakemyTripHomepage_using_Grouping_with_TestNGFramework@34e9fd99]" name="closepopup" class="TestNG_Framework.MakemyTripHomepage_using_Grouping_with_TestNGFramework"/>
      </group> <!-- Popup -->
      <group name="Scrollingdown">
        <method signature="MakemyTripHomepage_using_Grouping_with_TestNGFramework.scrolldown()[pri:0, instance:TestNG_Framework.MakemyTripHomepage_using_Grouping_with_TestNGFramework@34e9fd99]" name="scrolldown" class="TestNG_Framework.MakemyTripHomepage_using_Grouping_with_TestNGFramework"/>
      </group> <!-- Scrollingdown -->
    </groups>
    <test started-at="2025-06-20T19:34:41 IST" name="Test" finished-at="2025-06-20T19:37:10 IST" duration-ms="148917">
      <class name="TestNG_Framework.MakemyTrip_Login_Using_TestNGParameterization">
        <test-method is-config="true" signature="driver()[pri:0, instance:TestNG_Framework.MakemyTrip_Login_Using_TestNGParameterization@6cf0e0ba]" started-at="2025-06-20T19:34:41 IST" name="driver" finished-at="2025-06-20T19:34:47 IST" duration-ms="6253" status="PASS">
          <reporter-output>
          </reporter-output>
        </test-method> <!-- driver -->
        <test-method signature="popup(java.lang.String)[pri:0, instance:TestNG_Framework.MakemyTrip_Login_Using_TestNGParameterization@6cf0e0ba]" started-at="2025-06-20T19:34:47 IST" name="popup" finished-at="2025-06-20T19:34:56 IST" duration-ms="8439" status="PASS">
          <params>
            <param index="0">
              <value>
                <![CDATA[7397467496]]>
              </value>
            </param>
          </params>
          <reporter-output>
          </reporter-output>
        </test-method> <!-- popup -->
      </class> <!-- TestNG_Framework.MakemyTrip_Login_Using_TestNGParameterization -->
      <class name="TestNG_Framework.MakemyTrip_MulticityMakemyTrip_Using_TestNG_DependsonMethods">
        <test-method is-config="true" signature="driver()[pri:0, instance:TestNG_Framework.MakemyTrip_MulticityMakemyTrip_Using_TestNG_DependsonMethods@3349e9bb]" started-at="2025-06-20T19:36:22 IST" name="driver" finished-at="2025-06-20T19:36:26 IST" duration-ms="4276" status="PASS">
          <reporter-output>
          </reporter-output>
        </test-method> <!-- driver -->
        <test-method signature="popup()[pri:0, instance:TestNG_Framework.MakemyTrip_MulticityMakemyTrip_Using_TestNG_DependsonMethods@3349e9bb]" started-at="2025-06-20T19:36:26 IST" name="popup" finished-at="2025-06-20T19:36:32 IST" duration-ms="5093" status="PASS">
          <reporter-output>
          </reporter-output>
        </test-method> <!-- popup -->
        <test-method signature="Multi_City()[pri:0, instance:TestNG_Framework.MakemyTrip_MulticityMakemyTrip_Using_TestNG_DependsonMethods@3349e9bb]" started-at="2025-06-20T19:36:32 IST" name="Multi_City" finished-at="2025-06-20T19:36:35 IST" depends-on-methods="TestNG_Framework.MakemyTrip_MulticityMakemyTrip_Using_TestNG_DependsonMethods.popup" duration-ms="3232" status="PASS">
          <reporter-output>
          </reporter-output>
        </test-method> <!-- Multi_City -->
        <test-method signature="Fromlocation()[pri:0, instance:TestNG_Framework.MakemyTrip_MulticityMakemyTrip_Using_TestNG_DependsonMethods@3349e9bb]" started-at="2025-06-20T19:36:35 IST" name="Fromlocation" finished-at="2025-06-20T19:36:38 IST" depends-on-methods="TestNG_Framework.MakemyTrip_MulticityMakemyTrip_Using_TestNG_DependsonMethods.Multi_City" duration-ms="3147" status="PASS">
          <reporter-output>
          </reporter-output>
        </test-method> <!-- Fromlocation -->
        <test-method signature="Fromcountry()[pri:0, instance:TestNG_Framework.MakemyTrip_MulticityMakemyTrip_Using_TestNG_DependsonMethods@3349e9bb]" started-at="2025-06-20T19:36:38 IST" name="Fromcountry" finished-at="2025-06-20T19:36:41 IST" depends-on-methods="TestNG_Framework.MakemyTrip_MulticityMakemyTrip_Using_TestNG_DependsonMethods.Fromlocation" duration-ms="3193" status="PASS">
          <reporter-output>
          </reporter-output>
        </test-method> <!-- Fromcountry -->
        <test-method signature="ToCountry()[pri:0, instance:TestNG_Framework.MakemyTrip_MulticityMakemyTrip_Using_TestNG_DependsonMethods@3349e9bb]" started-at="2025-06-20T19:36:41 IST" name="ToCountry" finished-at="2025-06-20T19:36:41 IST" depends-on-methods="TestNG_Framework.MakemyTrip_MulticityMakemyTrip_Using_TestNG_DependsonMethods.Fromcountry" duration-ms="220" status="PASS">
          <reporter-output>
          </reporter-output>
        </test-method> <!-- ToCountry -->
        <test-method signature="FromDate()[pri:0, instance:TestNG_Framework.MakemyTrip_MulticityMakemyTrip_Using_TestNG_DependsonMethods@3349e9bb]" started-at="2025-06-20T19:36:41 IST" name="FromDate" finished-at="2025-06-20T19:36:45 IST" depends-on-methods="TestNG_Framework.MakemyTrip_MulticityMakemyTrip_Using_TestNG_DependsonMethods.ToCountry" duration-ms="3271" status="PASS">
          <reporter-output>
          </reporter-output>
        </test-method> <!-- FromDate -->
        <test-method signature="TC()[pri:0, instance:TestNG_Framework.MakemyTrip_MulticityMakemyTrip_Using_TestNG_DependsonMethods@3349e9bb]" started-at="2025-06-20T19:36:45 IST" name="TC" finished-at="2025-06-20T19:36:48 IST" depends-on-methods="TestNG_Framework.MakemyTrip_MulticityMakemyTrip_Using_TestNG_DependsonMethods.FromDate" duration-ms="3189" status="PASS">
          <reporter-output>
          </reporter-output>
        </test-method> <!-- TC -->
        <test-method signature="adults()[pri:0, instance:TestNG_Framework.MakemyTrip_MulticityMakemyTrip_Using_TestNG_DependsonMethods@3349e9bb]" started-at="2025-06-20T19:36:48 IST" name="adults" finished-at="2025-06-20T19:36:51 IST" depends-on-methods="TestNG_Framework.MakemyTrip_MulticityMakemyTrip_Using_TestNG_DependsonMethods.TC" duration-ms="3172" status="PASS">
          <reporter-output>
          </reporter-output>
        </test-method> <!-- adults -->
        <test-method signature="children()[pri:0, instance:TestNG_Framework.MakemyTrip_MulticityMakemyTrip_Using_TestNG_DependsonMethods@3349e9bb]" started-at="2025-06-20T19:36:51 IST" name="children" finished-at="2025-06-20T19:36:54 IST" depends-on-methods="TestNG_Framework.MakemyTrip_MulticityMakemyTrip_Using_TestNG_DependsonMethods.adults" duration-ms="3175" status="PASS">
          <reporter-output>
          </reporter-output>
        </test-method> <!-- children -->
        <test-method signature="Infants()[pri:0, instance:TestNG_Framework.MakemyTrip_MulticityMakemyTrip_Using_TestNG_DependsonMethods@3349e9bb]" started-at="2025-06-20T19:36:54 IST" name="Infants" finished-at="2025-06-20T19:36:57 IST" depends-on-methods="TestNG_Framework.MakemyTrip_MulticityMakemyTrip_Using_TestNG_DependsonMethods.children" duration-ms="3182" status="PASS">
          <reporter-output>
          </reporter-output>
        </test-method> <!-- Infants -->
        <test-method signature="Travelclass()[pri:0, instance:TestNG_Framework.MakemyTrip_MulticityMakemyTrip_Using_TestNG_DependsonMethods@3349e9bb]" started-at="2025-06-20T19:36:57 IST" name="Travelclass" finished-at="2025-06-20T19:37:01 IST" depends-on-methods="TestNG_Framework.MakemyTrip_MulticityMakemyTrip_Using_TestNG_DependsonMethods.Infants" duration-ms="3175" status="PASS">
          <reporter-output>
          </reporter-output>
        </test-method> <!-- Travelclass -->
        <test-method signature="Apply()[pri:0, instance:TestNG_Framework.MakemyTrip_MulticityMakemyTrip_Using_TestNG_DependsonMethods@3349e9bb]" started-at="2025-06-20T19:37:01 IST" name="Apply" finished-at="2025-06-20T19:37:01 IST" depends-on-methods="TestNG_Framework.MakemyTrip_MulticityMakemyTrip_Using_TestNG_DependsonMethods.Travelclass" duration-ms="164" status="PASS">
          <reporter-output>
          </reporter-output>
        </test-method> <!-- Apply -->
        <test-method signature="ToCity()[pri:0, instance:TestNG_Framework.MakemyTrip_MulticityMakemyTrip_Using_TestNG_DependsonMethods@3349e9bb]" started-at="2025-06-20T19:37:01 IST" name="ToCity" finished-at="2025-06-20T19:37:04 IST" depends-on-methods="TestNG_Framework.MakemyTrip_MulticityMakemyTrip_Using_TestNG_DependsonMethods.Apply" duration-ms="3176" status="PASS">
          <reporter-output>
          </reporter-output>
        </test-method> <!-- ToCity -->
        <test-method signature="choosingcity()[pri:0, instance:TestNG_Framework.MakemyTrip_MulticityMakemyTrip_Using_TestNG_DependsonMethods@3349e9bb]" started-at="2025-06-20T19:37:04 IST" name="choosingcity" finished-at="2025-06-20T19:37:06 IST" depends-on-methods="TestNG_Framework.MakemyTrip_MulticityMakemyTrip_Using_TestNG_DependsonMethods.ToCity" duration-ms="2264" status="PASS">
          <reporter-output>
          </reporter-output>
        </test-method> <!-- choosingcity -->
        <test-method signature="ToDate()[pri:0, instance:TestNG_Framework.MakemyTrip_MulticityMakemyTrip_Using_TestNG_DependsonMethods@3349e9bb]" started-at="2025-06-20T19:37:06 IST" name="ToDate" finished-at="2025-06-20T19:37:06 IST" depends-on-methods="TestNG_Framework.MakemyTrip_MulticityMakemyTrip_Using_TestNG_DependsonMethods.choosingcity" duration-ms="149" status="PASS">
          <reporter-output>
          </reporter-output>
        </test-method> <!-- ToDate -->
        <test-method is-config="true" signature="teardown()[pri:0, instance:TestNG_Framework.MakemyTrip_MulticityMakemyTrip_Using_TestNG_DependsonMethods@3349e9bb]" started-at="2025-06-20T19:37:06 IST" name="teardown" finished-at="2025-06-20T19:37:10 IST" duration-ms="3451" status="PASS">
          <reporter-output>
          </reporter-output>
        </test-method> <!-- teardown -->
      </class> <!-- TestNG_Framework.MakemyTrip_MulticityMakemyTrip_Using_TestNG_DependsonMethods -->
      <class name="TestNG_Framework.MakemyTrip_Select_Special_Fares_Using_TestNG">
        <test-method is-config="true" signature="driver()[pri:0, instance:TestNG_Framework.MakemyTrip_Select_Special_Fares_Using_TestNG@74f0ea28]" started-at="2025-06-20T19:36:02 IST" name="driver" finished-at="2025-06-20T19:36:08 IST" duration-ms="6129" status="PASS">
          <reporter-output>
          </reporter-output>
        </test-method> <!-- driver -->
        <test-method signature="popup()[pri:1, instance:TestNG_Framework.MakemyTrip_Select_Special_Fares_Using_TestNG@74f0ea28]" started-at="2025-06-20T19:36:08 IST" name="popup" finished-at="2025-06-20T19:36:12 IST" duration-ms="3706" status="PASS">
          <reporter-output>
          </reporter-output>
        </test-method> <!-- popup -->
        <test-method signature="Student_Special_Fare()[pri:2, instance:TestNG_Framework.MakemyTrip_Select_Special_Fares_Using_TestNG@74f0ea28]" started-at="2025-06-20T19:36:12 IST" name="Student_Special_Fare" finished-at="2025-06-20T19:36:14 IST" duration-ms="2336" status="PASS">
          <reporter-output>
          </reporter-output>
        </test-method> <!-- Student_Special_Fare -->
        <test-method signature="Seniorcitizen()[pri:3, instance:TestNG_Framework.MakemyTrip_Select_Special_Fares_Using_TestNG@74f0ea28]" started-at="2025-06-20T19:36:14 IST" name="Seniorcitizen" finished-at="2025-06-20T19:36:16 IST" duration-ms="2113" status="PASS">
          <reporter-output>
          </reporter-output>
        </test-method> <!-- Seniorcitizen -->
        <test-method signature="ArmedForces()[pri:4, instance:TestNG_Framework.MakemyTrip_Select_Special_Fares_Using_TestNG@74f0ea28]" started-at="2025-06-20T19:36:16 IST" name="ArmedForces" finished-at="2025-06-20T19:36:19 IST" duration-ms="2198" status="PASS">
          <reporter-output>
          </reporter-output>
        </test-method> <!-- ArmedForces -->
        <test-method signature="DoctorandNurses()[pri:5, instance:TestNG_Framework.MakemyTrip_Select_Special_Fares_Using_TestNG@74f0ea28]" started-at="2025-06-20T19:36:19 IST" name="DoctorandNurses" finished-at="2025-06-20T19:36:19 IST" duration-ms="144" status="PASS">
          <reporter-output>
          </reporter-output>
        </test-method> <!-- DoctorandNurses -->
        <test-method is-config="true" signature="teardown()[pri:0, instance:TestNG_Framework.MakemyTrip_Select_Special_Fares_Using_TestNG@74f0ea28]" started-at="2025-06-20T19:36:19 IST" name="teardown" finished-at="2025-06-20T19:36:22 IST" duration-ms="3310" status="PASS">
          <reporter-output>
          </reporter-output>
        </test-method> <!-- teardown -->
      </class> <!-- TestNG_Framework.MakemyTrip_Select_Special_Fares_Using_TestNG -->
      <class name="TestNG_Framework.MakemyTrip_using_TestNG_Priority">
        <test-method is-config="true" signature="driver()[pri:0, instance:TestNG_Framework.MakemyTrip_using_TestNG_Priority@1283bb96]" started-at="2025-06-20T19:35:11 IST" name="driver" finished-at="2025-06-20T19:35:15 IST" duration-ms="3400" status="PASS">
          <reporter-output>
          </reporter-output>
        </test-method> <!-- driver -->
        <test-method signature="popup()[pri:1, instance:TestNG_Framework.MakemyTrip_using_TestNG_Priority@1283bb96]" started-at="2025-06-20T19:35:15 IST" name="popup" finished-at="2025-06-20T19:35:20 IST" duration-ms="5391" status="PASS">
          <reporter-output>
          </reporter-output>
        </test-method> <!-- popup -->
        <test-method signature="fromlocation()[pri:2, instance:TestNG_Framework.MakemyTrip_using_TestNG_Priority@1283bb96]" started-at="2025-06-20T19:35:20 IST" name="fromlocation" finished-at="2025-06-20T19:35:23 IST" duration-ms="3159" status="PASS">
          <reporter-output>
          </reporter-output>
        </test-method> <!-- fromlocation -->
        <test-method signature="fromcountry()[pri:3, instance:TestNG_Framework.MakemyTrip_using_TestNG_Priority@1283bb96]" started-at="2025-06-20T19:35:23 IST" name="fromcountry" finished-at="2025-06-20T19:35:27 IST" duration-ms="3224" status="PASS">
          <reporter-output>
          </reporter-output>
        </test-method> <!-- fromcountry -->
        <test-method signature="tolocation()[pri:4, instance:TestNG_Framework.MakemyTrip_using_TestNG_Priority@1283bb96]" started-at="2025-06-20T19:35:27 IST" name="tolocation" finished-at="2025-06-20T19:35:30 IST" duration-ms="3157" status="PASS">
          <reporter-output>
          </reporter-output>
        </test-method> <!-- tolocation -->
        <test-method signature="Tocountry()[pri:5, instance:TestNG_Framework.MakemyTrip_using_TestNG_Priority@1283bb96]" started-at="2025-06-20T19:35:30 IST" name="Tocountry" finished-at="2025-06-20T19:35:33 IST" duration-ms="3253" status="PASS">
          <reporter-output>
          </reporter-output>
        </test-method> <!-- Tocountry -->
        <test-method signature="fromdate()[pri:6, instance:TestNG_Framework.MakemyTrip_using_TestNG_Priority@1283bb96]" started-at="2025-06-20T19:35:33 IST" name="fromdate" finished-at="2025-06-20T19:35:36 IST" duration-ms="3199" status="PASS">
          <reporter-output>
          </reporter-output>
        </test-method> <!-- fromdate -->
        <test-method signature="todate()[pri:7, instance:TestNG_Framework.MakemyTrip_using_TestNG_Priority@1283bb96]" started-at="2025-06-20T19:35:36 IST" name="todate" finished-at="2025-06-20T19:35:39 IST" duration-ms="3211" status="PASS">
          <reporter-output>
          </reporter-output>
        </test-method> <!-- todate -->
        <test-method signature="ChoosingTo_DateClick()[pri:8, instance:TestNG_Framework.MakemyTrip_using_TestNG_Priority@1283bb96]" started-at="2025-06-20T19:35:39 IST" name="ChoosingTo_DateClick" finished-at="2025-06-20T19:35:43 IST" duration-ms="3244" status="PASS">
          <reporter-output>
          </reporter-output>
        </test-method> <!-- ChoosingTo_DateClick -->
        <test-method signature="TC()[pri:9, instance:TestNG_Framework.MakemyTrip_using_TestNG_Priority@1283bb96]" started-at="2025-06-20T19:35:43 IST" name="TC" finished-at="2025-06-20T19:35:46 IST" duration-ms="3126" status="PASS">
          <reporter-output>
          </reporter-output>
        </test-method> <!-- TC -->
        <test-method signature="adults()[pri:10, instance:TestNG_Framework.MakemyTrip_using_TestNG_Priority@1283bb96]" started-at="2025-06-20T19:35:46 IST" name="adults" finished-at="2025-06-20T19:35:49 IST" duration-ms="3149" status="PASS">
          <reporter-output>
          </reporter-output>
        </test-method> <!-- adults -->
        <test-method signature="children()[pri:11, instance:TestNG_Framework.MakemyTrip_using_TestNG_Priority@1283bb96]" started-at="2025-06-20T19:35:49 IST" name="children" finished-at="2025-06-20T19:35:52 IST" duration-ms="3119" status="PASS">
          <reporter-output>
          </reporter-output>
        </test-method> <!-- children -->
        <test-method signature="Infants()[pri:12, instance:TestNG_Framework.MakemyTrip_using_TestNG_Priority@1283bb96]" started-at="2025-06-20T19:35:52 IST" name="Infants" finished-at="2025-06-20T19:35:55 IST" duration-ms="3261" status="PASS">
          <reporter-output>
          </reporter-output>
        </test-method> <!-- Infants -->
        <test-method signature="Travelclass()[pri:13, instance:TestNG_Framework.MakemyTrip_using_TestNG_Priority@1283bb96]" started-at="2025-06-20T19:35:55 IST" name="Travelclass" finished-at="2025-06-20T19:35:59 IST" duration-ms="3234" status="PASS">
          <reporter-output>
          </reporter-output>
        </test-method> <!-- Travelclass -->
        <test-method signature="Apply()[pri:14, instance:TestNG_Framework.MakemyTrip_using_TestNG_Priority@1283bb96]" started-at="2025-06-20T19:35:59 IST" name="Apply" finished-at="2025-06-20T19:35:59 IST" duration-ms="160" status="PASS">
          <reporter-output>
          </reporter-output>
        </test-method> <!-- Apply -->
        <test-method is-config="true" signature="teardown()[pri:0, instance:TestNG_Framework.MakemyTrip_using_TestNG_Priority@1283bb96]" started-at="2025-06-20T19:35:59 IST" name="teardown" finished-at="2025-06-20T19:36:02 IST" duration-ms="3451" status="PASS">
          <reporter-output>
          </reporter-output>
        </test-method> <!-- teardown -->
      </class> <!-- TestNG_Framework.MakemyTrip_using_TestNG_Priority -->
      <class name="TestNG_Framework.MakemyTripHomepage_using_TestNGFramework">
        <test-method is-config="true" signature="driver()[pri:0, instance:TestNG_Framework.MakemyTripHomepage_using_TestNGFramework@6aeb35e6]" started-at="2025-06-20T19:34:56 IST" name="driver" finished-at="2025-06-20T19:35:00 IST" duration-ms="4460" status="PASS">
          <reporter-output>
          </reporter-output>
        </test-method> <!-- driver -->
        <test-method signature="closepopup()[pri:0, instance:TestNG_Framework.MakemyTripHomepage_using_TestNGFramework@6aeb35e6]" started-at="2025-06-20T19:35:00 IST" name="closepopup" finished-at="2025-06-20T19:35:08 IST" duration-ms="7952" status="PASS">
          <reporter-output>
          </reporter-output>
        </test-method> <!-- closepopup -->
        <test-method is-config="true" signature="teardown()[pri:0, instance:TestNG_Framework.MakemyTripHomepage_using_TestNGFramework@6aeb35e6]" started-at="2025-06-20T19:35:08 IST" name="teardown" finished-at="2025-06-20T19:35:11 IST" duration-ms="3349" status="PASS">
          <reporter-output>
          </reporter-output>
        </test-method> <!-- teardown -->
      </class> <!-- TestNG_Framework.MakemyTripHomepage_using_TestNGFramework -->
    </test> <!-- Test -->
    <test started-at="2025-06-20T19:37:10 IST" name="TestNG Grouping" finished-at="2025-06-20T19:37:23 IST" duration-ms="12709">
      <class name="TestNG_Framework.MakemyTripHomepage_using_Grouping_with_TestNGFramework">
        <test-method is-config="true" signature="driver()[pri:0, instance:TestNG_Framework.MakemyTripHomepage_using_Grouping_with_TestNGFramework@34e9fd99]" started-at="2025-06-20T19:37:10 IST" name="driver" finished-at="2025-06-20T19:37:14 IST" duration-ms="4292" status="PASS">
          <reporter-output>
          </reporter-output>
        </test-method> <!-- driver -->
        <test-method signature="closepopup()[pri:0, instance:TestNG_Framework.MakemyTripHomepage_using_Grouping_with_TestNGFramework@34e9fd99]" started-at="2025-06-20T19:37:14 IST" name="closepopup" finished-at="2025-06-20T19:37:19 IST" duration-ms="5085" status="PASS">
          <reporter-output>
          </reporter-output>
        </test-method> <!-- closepopup -->
        <test-method signature="scrolldown()[pri:0, instance:TestNG_Framework.MakemyTripHomepage_using_Grouping_with_TestNGFramework@34e9fd99]" started-at="2025-06-20T19:37:19 IST" name="scrolldown" finished-at="2025-06-20T19:37:19 IST" duration-ms="13" status="PASS">
          <reporter-output>
          </reporter-output>
        </test-method> <!-- scrolldown -->
        <test-method is-config="true" signature="teardown()[pri:0, instance:TestNG_Framework.MakemyTripHomepage_using_Grouping_with_TestNGFramework@34e9fd99]" started-at="2025-06-20T19:37:19 IST" name="teardown" finished-at="2025-06-20T19:37:23 IST" duration-ms="3311" status="PASS">
          <reporter-output>
          </reporter-output>
        </test-method> <!-- teardown -->
      </class> <!-- TestNG_Framework.MakemyTripHomepage_using_Grouping_with_TestNGFramework -->
    </test> <!-- TestNG Grouping -->
  </suite> <!-- Suite -->
</testng-results>
