<?xml version="1.0" encoding="UTF-8"?>
<!-- Generated by org.testng.reporters.JUnitReportReporter -->
<testsuite hostname="DESKTOP-J7791LE" failures="0" tests="9" name="TestNG_Framework.LeafgroundAutomation_Alert_Using_TestNG" time="48.738" errors="0" timestamp="2025-07-24T17:30:48 IST" skipped="0">
  <testcase classname="TestNG_Framework.LeafgroundAutomation_Alert_Using_TestNG" name="Alert_sweetmodaldialog" time="4.170"/>
  <testcase classname="TestNG_Framework.LeafgroundAutomation_Alert_Using_TestNG" name="Alert_Confirmdialog" time="4.098"/>
  <testcase classname="TestNG_Framework.LeafgroundAutomation_Alert_Using_TestNG" name="Alert_Simpledialog" time="4.178"/>
  <testcase classname="TestNG_Framework.LeafgroundAutomation_Alert_Using_TestNG" name="Alert_SweetAlertSimpleDialog" time="8.327"/>
  <testcase classname="TestNG_Framework.LeafgroundAutomation_Alert_Using_TestNG" name="Alert_Confirmation" time="6.395"/>
  <testcase classname="TestNG_Framework.LeafgroundAutomation_Alert_Using_TestNG" name="Alertmenu" time="2.804"/>
  <testcase classname="TestNG_Framework.LeafgroundAutomation_Alert_Using_TestNG" name="MinandMax" time="12.547"/>
  <testcase classname="TestNG_Framework.LeafgroundAutomation_Alert_Using_TestNG" name="browser" time="2.121"/>
  <testcase classname="TestNG_Framework.LeafgroundAutomation_Alert_Using_TestNG" name="prompt_dialog" time="4.098"/>
</testsuite> <!-- TestNG_Framework.LeafgroundAutomation_Alert_Using_TestNG -->
