<?xml version="1.0" encoding="UTF-8"?>
<!-- Generated by org.testng.reporters.JUnitReportReporter -->
<testsuite hostname="DESKTOP-J7791LE" failures="0" tests="9" name="TestNG_Framework.LeafgroundAutomation_Alert_Using_TestNG_with_ExtentReports" time="50.448" errors="0" timestamp="2025-07-24T18:13:26 IST" skipped="0">
  <testcase classname="TestNG_Framework.LeafgroundAutomation_Alert_Using_TestNG_with_ExtentReports" name="Alert_Confirmation" time="6.539"/>
  <testcase classname="TestNG_Framework.LeafgroundAutomation_Alert_Using_TestNG_with_ExtentReports" name="Alertmenu" time="4.159"/>
  <testcase classname="TestNG_Framework.LeafgroundAutomation_Alert_Using_TestNG_with_ExtentReports" name="MinandMax" time="12.539"/>
  <testcase classname="TestNG_Framework.LeafgroundAutomation_Alert_Using_TestNG_with_ExtentReports" name="browser" time="2.195"/>
  <testcase classname="TestNG_Framework.LeafgroundAutomation_Alert_Using_TestNG_with_ExtentReports" name="Alert_Simpledialog" time="4.143"/>
  <testcase classname="TestNG_Framework.LeafgroundAutomation_Alert_Using_TestNG_with_ExtentReports" name="Alert_Confirmdialog" time="4.123"/>
  <testcase classname="TestNG_Framework.LeafgroundAutomation_Alert_Using_TestNG_with_ExtentReports" name="Alert_SweetAlertSimpleDialog" time="8.443"/>
  <testcase classname="TestNG_Framework.LeafgroundAutomation_Alert_Using_TestNG_with_ExtentReports" name="Alert_sweetmodaldialog" time="4.180"/>
  <testcase classname="TestNG_Framework.LeafgroundAutomation_Alert_Using_TestNG_with_ExtentReports" name="prompt_dialog" time="4.127"/>
</testsuite> <!-- TestNG_Framework.LeafgroundAutomation_Alert_Using_TestNG_with_ExtentReports -->
